10:15:48 INFO  : Registering command handlers for SDK TCF services
10:15:49 INFO  : Launching XSCT server: xsct.bat -interactive C:\Users\Tristan\Videos\VideoMixer\proj\Nexys-Video-HDMI-master.sdk\temp_xsdb_launch_script.tcl
10:15:52 INFO  : XSCT server has started successfully.
10:15:52 INFO  : Successfully done setting XSCT server connection channel  
10:15:52 INFO  : Processing command line option -hwspec C:/Users/Tristan/Videos/VideoMixer/proj/Nexys-Video-HDMI-master.sdk/hdmi_wrapper.hdf.
10:15:52 INFO  : Successfully done setting SDK workspace  
10:20:17 INFO  : Connected to target on host '127.0.0.1' and port '3121'.
10:20:18 INFO  : Jtag cable 'Digilent Nexys Video 210276723936B' is selected.
10:20:18 INFO  : 'jtag frequency' command is executed.
10:20:19 INFO  : 'targets -set -filter {jtag_cable_name =~ "Digilent Nexys Video 210276723936B" && level==0} -index 0' command is executed.
10:20:26 INFO  : FPGA configured successfully with bitstream "C:/Users/Tristan/Videos/VideoMixer/proj/Nexys-Video-HDMI-master.sdk/hdmi_wrapper_hw_platform_0/hdmi_wrapper.bit"
10:20:26 INFO  : 'configparams mdm-detect-bscan-mask 2' command is executed.
10:20:26 INFO  : Context for processor 'microblaze_0' is selected.
10:20:26 INFO  : System reset is completed.
10:20:29 INFO  : 'after 3000' command is executed.
10:20:29 INFO  : Context for processor 'microblaze_0' is selected.
10:20:29 INFO  : The application 'C:/Users/Tristan/Videos/VideoMixer/proj/Nexys-Video-HDMI-master.sdk/mixer/Debug/mixer.elf' is downloaded to processor 'microblaze_0'.
10:20:29 INFO  : ----------------XSDB Script----------------
connect -url tcp:127.0.0.1:3121
targets -set -filter {jtag_cable_name =~ "Digilent Nexys Video 210276723936B" && level==0} -index 0
fpga -file C:/Users/Tristan/Videos/VideoMixer/proj/Nexys-Video-HDMI-master.sdk/hdmi_wrapper_hw_platform_0/hdmi_wrapper.bit
configparams mdm-detect-bscan-mask 2
targets -set -nocase -filter {name =~ "microblaze*#0" && bscan=="USER2"  && jtag_cable_name =~ "Digilent Nexys Video 210276723936B"} -index 0
rst -system
after 3000
targets -set -nocase -filter {name =~ "microblaze*#0" && bscan=="USER2"  && jtag_cable_name =~ "Digilent Nexys Video 210276723936B"} -index 0
dow C:/Users/Tristan/Videos/VideoMixer/proj/Nexys-Video-HDMI-master.sdk/mixer/Debug/mixer.elf
----------------End of Script----------------

10:20:29 INFO  : Context for processor 'microblaze_0' is selected.
10:20:30 INFO  : 'con' command is executed.
10:20:30 INFO  : ----------------XSDB Script (After Launch)----------------
targets -set -nocase -filter {name =~ "microblaze*#0" && bscan=="USER2"  && jtag_cable_name =~ "Digilent Nexys Video 210276723936B"} -index 0
con
----------------End of Script----------------

10:20:30 INFO  : Disconnected from the channel tcfchan#1.
